{"I:\\Namste React\\src\\components\\Heading.js": {"path":"I:\\Namste React\\src\\components\\Heading.js","statementMap":{"0":{"start":{"line":6,"column":15},"end":{"line":62,"column":1}},"1":{"start":{"line":7,"column":34},"end":{"line":7,"column":49}},"2":{"start":{"line":9,"column":19},"end":{"line":9,"column":30}},"3":{"start":{"line":11,"column":19},"end":{"line":11,"column":42}},"4":{"start":{"line":13,"column":20},"end":{"line":13,"column":56}},"5":{"start":{"line":13,"column":39},"end":{"line":13,"column":55}},"6":{"start":{"line":14,"column":2},"end":{"line":61,"column":4}},"7":{"start":{"line":46,"column":29},"end":{"line":46,"column":47}},"8":{"start":{"line":53,"column":29},"end":{"line":53,"column":46}},"9":{"start":{"line":63,"column":16},"end":{"line":69,"column":1}},"10":{"start":{"line":64,"column":2},"end":{"line":68,"column":4}}},"fnMap":{"0":{"name":"(anonymous_0)","decl":{"start":{"line":6,"column":15},"end":{"line":6,"column":16}},"loc":{"start":{"line":6,"column":21},"end":{"line":62,"column":1}},"line":6},"1":{"name":"(anonymous_1)","decl":{"start":{"line":13,"column":32},"end":{"line":13,"column":33}},"loc":{"start":{"line":13,"column":39},"end":{"line":13,"column":55}},"line":13},"2":{"name":"(anonymous_2)","decl":{"start":{"line":46,"column":23},"end":{"line":46,"column":24}},"loc":{"start":{"line":46,"column":29},"end":{"line":46,"column":47}},"line":46},"3":{"name":"(anonymous_3)","decl":{"start":{"line":53,"column":23},"end":{"line":53,"column":24}},"loc":{"start":{"line":53,"column":29},"end":{"line":53,"column":46}},"line":53},"4":{"name":"(anonymous_4)","decl":{"start":{"line":63,"column":16},"end":{"line":63,"column":17}},"loc":{"start":{"line":63,"column":22},"end":{"line":69,"column":1}},"line":63}},"branchMap":{"0":{"loc":{"start":{"line":41,"column":13},"end":{"line":41,"column":35}},"type":"cond-expr","locations":[{"start":{"line":41,"column":24},"end":{"line":41,"column":28}},{"start":{"line":41,"column":31},"end":{"line":41,"column":35}}],"line":41},"1":{"loc":{"start":{"line":43,"column":11},"end":{"line":57,"column":11}},"type":"cond-expr","locations":[{"start":{"line":44,"column":12},"end":{"line":49,"column":21}},{"start":{"line":51,"column":12},"end":{"line":56,"column":21}}],"line":43}},"s":{"0":1,"1":5,"2":4,"3":4,"4":4,"5":0,"6":0,"7":0,"8":0,"9":1,"10":3},"f":{"0":5,"1":0,"2":0,"3":0,"4":3},"b":{"0":[0,0],"1":[0,0]},"_coverageSchema":"1a1c01bbd47fc00a2c39e90264f33305004495a9","hash":"0cac71cc97c1f1184653aba811efadc8f273a28b"}
,"I:\\Namste React\\src\\utils\\UserContext.js": {"path":"I:\\Namste React\\src\\utils\\UserContext.js","statementMap":{"0":{"start":{"line":3,"column":20},"end":{"line":8,"column":2}}},"fnMap":{},"branchMap":{},"s":{"0":1},"f":{},"b":{},"_coverageSchema":"1a1c01bbd47fc00a2c39e90264f33305004495a9","hash":"ce6c06bf9355c1382373463d3a3b2d31616a2207"}
,"I:\\Namste React\\src\\utils\\useOnline.js": {"path":"I:\\Namste React\\src\\utils\\useOnline.js","statementMap":{"0":{"start":{"line":3,"column":18},"end":{"line":22,"column":1}},"1":{"start":{"line":4,"column":32},"end":{"line":4,"column":46}},"2":{"start":{"line":6,"column":2},"end":{"line":20,"column":9}},"3":{"start":{"line":7,"column":25},"end":{"line":9,"column":5}},"4":{"start":{"line":8,"column":6},"end":{"line":8,"column":22}},"5":{"start":{"line":10,"column":26},"end":{"line":12,"column":5}},"6":{"start":{"line":11,"column":6},"end":{"line":11,"column":23}},"7":{"start":{"line":13,"column":4},"end":{"line":13,"column":52}},"8":{"start":{"line":14,"column":4},"end":{"line":14,"column":54}},"9":{"start":{"line":16,"column":4},"end":{"line":19,"column":5}},"10":{"start":{"line":17,"column":8},"end":{"line":17,"column":58}},"11":{"start":{"line":18,"column":8},"end":{"line":18,"column":60}},"12":{"start":{"line":21,"column":2},"end":{"line":21,"column":18}}},"fnMap":{"0":{"name":"(anonymous_0)","decl":{"start":{"line":3,"column":18},"end":{"line":3,"column":19}},"loc":{"start":{"line":3,"column":24},"end":{"line":22,"column":1}},"line":3},"1":{"name":"(anonymous_1)","decl":{"start":{"line":6,"column":12},"end":{"line":6,"column":13}},"loc":{"start":{"line":6,"column":18},"end":{"line":20,"column":3}},"line":6},"2":{"name":"(anonymous_2)","decl":{"start":{"line":7,"column":25},"end":{"line":7,"column":26}},"loc":{"start":{"line":7,"column":31},"end":{"line":9,"column":5}},"line":7},"3":{"name":"(anonymous_3)","decl":{"start":{"line":10,"column":26},"end":{"line":10,"column":27}},"loc":{"start":{"line":10,"column":32},"end":{"line":12,"column":5}},"line":10},"4":{"name":"(anonymous_4)","decl":{"start":{"line":16,"column":11},"end":{"line":16,"column":12}},"loc":{"start":{"line":16,"column":17},"end":{"line":19,"column":5}},"line":16}},"branchMap":{},"s":{"0":1,"1":4,"2":4,"3":0,"4":0,"5":0,"6":0,"7":0,"8":0,"9":0,"10":0,"11":0,"12":4},"f":{"0":4,"1":0,"2":0,"3":0,"4":0},"b":{},"_coverageSchema":"1a1c01bbd47fc00a2c39e90264f33305004495a9","hash":"515a0d6c2c015962938f7a2d130a6da120ffd931"}
}
