TN:
SF:src\components\Heading.js
FN:6,(anonymous_0)
FN:13,(anonymous_1)
FN:46,(anonymous_2)
FN:53,(anonymous_3)
FN:63,(anonymous_4)
FNF:5
FNH:2
FNDA:5,(anonymous_0)
FNDA:0,(anonymous_1)
FNDA:0,(anonymous_2)
FNDA:0,(anonymous_3)
FNDA:3,(anonymous_4)
DA:6,1
DA:7,5
DA:9,4
DA:11,4
DA:13,4
DA:14,0
DA:46,0
DA:53,0
DA:63,1
DA:64,3
LF:10
LH:7
BRDA:41,0,0,0
BRDA:41,0,1,0
BRDA:43,1,0,0
BRDA:43,1,1,0
BRF:4
BRH:0
end_of_record
TN:
SF:src\utils\UserContext.js
FNF:0
FNH:0
DA:3,1
LF:1
LH:1
BRF:0
BRH:0
end_of_record
TN:
SF:src\utils\useOnline.js
FN:3,(anonymous_0)
FN:6,(anonymous_1)
FN:7,(anonymous_2)
FN:10,(anonymous_3)
FN:16,(anonymous_4)
FNF:5
FNH:1
FNDA:4,(anonymous_0)
FNDA:0,(anonymous_1)
FNDA:0,(anonymous_2)
FNDA:0,(anonymous_3)
FNDA:0,(anonymous_4)
DA:3,1
DA:4,4
DA:6,4
DA:7,0
DA:8,0
DA:10,0
DA:11,0
DA:13,0
DA:14,0
DA:16,0
DA:17,0
DA:18,0
DA:21,4
LF:13
LH:4
BRF:0
BRH:0
end_of_record
